2025-03-09 00:32:00,544 - INFO - [weather] Registering /weather command handler
2025-03-09 00:32:00,544 - INFO - [random_insult] Registering /insult command handler
2025-03-09 00:32:00,544 - INFO - [imdb] Registering /imdb command handler and callback query handler
2025-03-09 00:32:00,545 - INFO - [apscheduler.scheduler] Adding job tentatively -- it will be properly scheduled when the scheduler starts
2025-03-09 00:32:00,595 - INFO - [httpx] HTTP Request: POST https://api.telegram.org/bot6972398846:AAGWkHUsjsY_sg6jGVLRMKD7NE7Zczl0IXw/getMe "HTTP/1.1 200 OK"
2025-03-09 00:32:00,611 - INFO - [httpx] HTTP Request: POST https://api.telegram.org/bot6972398846:AAGWkHUsjsY_sg6jGVLRMKD7NE7Zczl0IXw/deleteWebhook "HTTP/1.1 200 OK"
2025-03-09 00:32:00,612 - INFO - [apscheduler.scheduler] Added job "summarise_messages" to job store "default"
2025-03-09 00:32:00,612 - INFO - [apscheduler.scheduler] Scheduler started
2025-03-09 00:32:00,612 - INFO - [telegram.ext.Application] Application started
2025-03-09 00:32:10,681 - INFO - [httpx] HTTP Request: POST https://api.telegram.org/bot6972398846:AAGWkHUsjsY_sg6jGVLRMKD7NE7Zczl0IXw/getUpdates "HTTP/1.1 200 OK"
2025-03-09 00:32:20,723 - INFO - [httpx] HTTP Request: POST https://api.telegram.org/bot6972398846:AAGWkHUsjsY_sg6jGVLRMKD7NE7Zczl0IXw/getUpdates "HTTP/1.1 200 OK"
2025-03-09 00:32:30,752 - INFO - [httpx] HTTP Request: POST https://api.telegram.org/bot6972398846:AAGWkHUsjsY_sg6jGVLRMKD7NE7Zczl0IXw/getUpdates "HTTP/1.1 200 OK"
2025-03-09 00:32:36,918 - INFO - [httpx] HTTP Request: POST https://api.telegram.org/bot6972398846:AAGWkHUsjsY_sg6jGVLRMKD7NE7Zczl0IXw/getUpdates "HTTP/1.1 200 OK"
2025-03-09 00:32:36,919 - INFO - [telegram.ext.Application] Application is stopping. This might take a moment.
2025-03-09 00:32:36,919 - INFO - [apscheduler.scheduler] Scheduler has been shut down
2025-03-09 00:32:36,930 - INFO - [telegram.ext.Application] Application.stop() complete
2025-03-09 00:32:41,230 - INFO - [weather] Registering /weather command handler
2025-03-09 00:32:41,230 - INFO - [random_insult] Registering /insult command handler
2025-03-09 00:32:41,230 - INFO - [imdb] Registering /imdb command handler and callback query handler
2025-03-09 00:32:41,231 - INFO - [apscheduler.scheduler] Adding job tentatively -- it will be properly scheduled when the scheduler starts
2025-03-09 00:32:41,278 - INFO - [httpx] HTTP Request: POST https://api.telegram.org/bot6972398846:AAGWkHUsjsY_sg6jGVLRMKD7NE7Zczl0IXw/getMe "HTTP/1.1 200 OK"
2025-03-09 00:32:41,293 - INFO - [httpx] HTTP Request: POST https://api.telegram.org/bot6972398846:AAGWkHUsjsY_sg6jGVLRMKD7NE7Zczl0IXw/deleteWebhook "HTTP/1.1 200 OK"
2025-03-09 00:32:41,294 - INFO - [apscheduler.scheduler] Added job "summarise_messages" to job store "default"
2025-03-09 00:32:41,294 - INFO - [apscheduler.scheduler] Scheduler started
2025-03-09 00:32:41,294 - INFO - [telegram.ext.Application] Application started
2025-03-09 00:32:44,212 - INFO - [httpx] HTTP Request: POST https://api.telegram.org/bot6972398846:AAGWkHUsjsY_sg6jGVLRMKD7NE7Zczl0IXw/getUpdates "HTTP/1.1 200 OK"
2025-03-09 00:32:45,909 - INFO - [httpx] HTTP Request: POST https://api.telegram.org/bot6972398846:AAGWkHUsjsY_sg6jGVLRMKD7NE7Zczl0IXw/sendAnimation "HTTP/1.1 200 OK"
2025-03-09 00:32:49,843 - INFO - [httpx] HTTP Request: POST https://api.telegram.org/bot6972398846:AAGWkHUsjsY_sg6jGVLRMKD7NE7Zczl0IXw/getUpdates "HTTP/1.1 200 OK"
2025-03-09 00:32:49,895 - INFO - [httpx] HTTP Request: POST https://api.telegram.org/bot6972398846:AAGWkHUsjsY_sg6jGVLRMKD7NE7Zczl0IXw/sendAnimation "HTTP/1.1 200 OK"
2025-03-09 00:32:59,877 - INFO - [httpx] HTTP Request: POST https://api.telegram.org/bot6972398846:AAGWkHUsjsY_sg6jGVLRMKD7NE7Zczl0IXw/getUpdates "HTTP/1.1 200 OK"
2025-03-09 00:33:09,974 - INFO - [httpx] HTTP Request: POST https://api.telegram.org/bot6972398846:AAGWkHUsjsY_sg6jGVLRMKD7NE7Zczl0IXw/getUpdates "HTTP/1.1 200 OK"
2025-03-09 00:33:20,114 - INFO - [httpx] HTTP Request: POST https://api.telegram.org/bot6972398846:AAGWkHUsjsY_sg6jGVLRMKD7NE7Zczl0IXw/getUpdates "HTTP/1.1 200 OK"
2025-03-09 00:33:30,180 - INFO - [httpx] HTTP Request: POST https://api.telegram.org/bot6972398846:AAGWkHUsjsY_sg6jGVLRMKD7NE7Zczl0IXw/getUpdates "HTTP/1.1 200 OK"
2025-03-09 00:33:40,213 - INFO - [httpx] HTTP Request: POST https://api.telegram.org/bot6972398846:AAGWkHUsjsY_sg6jGVLRMKD7NE7Zczl0IXw/getUpdates "HTTP/1.1 200 OK"
2025-03-09 00:33:50,248 - INFO - [httpx] HTTP Request: POST https://api.telegram.org/bot6972398846:AAGWkHUsjsY_sg6jGVLRMKD7NE7Zczl0IXw/getUpdates "HTTP/1.1 200 OK"
2025-03-09 00:34:00,282 - INFO - [httpx] HTTP Request: POST https://api.telegram.org/bot6972398846:AAGWkHUsjsY_sg6jGVLRMKD7NE7Zczl0IXw/getUpdates "HTTP/1.1 200 OK"
2025-03-09 00:34:10,319 - INFO - [httpx] HTTP Request: POST https://api.telegram.org/bot6972398846:AAGWkHUsjsY_sg6jGVLRMKD7NE7Zczl0IXw/getUpdates "HTTP/1.1 200 OK"
2025-03-09 00:34:20,402 - INFO - [httpx] HTTP Request: POST https://api.telegram.org/bot6972398846:AAGWkHUsjsY_sg6jGVLRMKD7NE7Zczl0IXw/getUpdates "HTTP/1.1 200 OK"
2025-03-09 00:34:30,419 - INFO - [httpx] HTTP Request: POST https://api.telegram.org/bot6972398846:AAGWkHUsjsY_sg6jGVLRMKD7NE7Zczl0IXw/getUpdates "HTTP/1.1 200 OK"
2025-03-09 00:34:40,527 - INFO - [httpx] HTTP Request: POST https://api.telegram.org/bot6972398846:AAGWkHUsjsY_sg6jGVLRMKD7NE7Zczl0IXw/getUpdates "HTTP/1.1 200 OK"
2025-03-09 00:34:50,557 - INFO - [httpx] HTTP Request: POST https://api.telegram.org/bot6972398846:AAGWkHUsjsY_sg6jGVLRMKD7NE7Zczl0IXw/getUpdates "HTTP/1.1 200 OK"
2025-03-09 00:35:00,640 - INFO - [httpx] HTTP Request: POST https://api.telegram.org/bot6972398846:AAGWkHUsjsY_sg6jGVLRMKD7NE7Zczl0IXw/getUpdates "HTTP/1.1 200 OK"
2025-03-09 00:35:10,675 - INFO - [httpx] HTTP Request: POST https://api.telegram.org/bot6972398846:AAGWkHUsjsY_sg6jGVLRMKD7NE7Zczl0IXw/getUpdates "HTTP/1.1 200 OK"
2025-03-09 00:35:20,709 - INFO - [httpx] HTTP Request: POST https://api.telegram.org/bot6972398846:AAGWkHUsjsY_sg6jGVLRMKD7NE7Zczl0IXw/getUpdates "HTTP/1.1 200 OK"
2025-03-09 00:35:30,747 - INFO - [httpx] HTTP Request: POST https://api.telegram.org/bot6972398846:AAGWkHUsjsY_sg6jGVLRMKD7NE7Zczl0IXw/getUpdates "HTTP/1.1 200 OK"
2025-03-09 00:35:40,776 - INFO - [httpx] HTTP Request: POST https://api.telegram.org/bot6972398846:AAGWkHUsjsY_sg6jGVLRMKD7NE7Zczl0IXw/getUpdates "HTTP/1.1 200 OK"
2025-03-09 00:35:50,879 - INFO - [httpx] HTTP Request: POST https://api.telegram.org/bot6972398846:AAGWkHUsjsY_sg6jGVLRMKD7NE7Zczl0IXw/getUpdates "HTTP/1.1 200 OK"
2025-03-09 00:36:00,904 - INFO - [httpx] HTTP Request: POST https://api.telegram.org/bot6972398846:AAGWkHUsjsY_sg6jGVLRMKD7NE7Zczl0IXw/getUpdates "HTTP/1.1 200 OK"
2025-03-09 00:36:10,925 - INFO - [httpx] HTTP Request: POST https://api.telegram.org/bot6972398846:AAGWkHUsjsY_sg6jGVLRMKD7NE7Zczl0IXw/getUpdates "HTTP/1.1 200 OK"
2025-03-09 00:36:21,061 - INFO - [httpx] HTTP Request: POST https://api.telegram.org/bot6972398846:AAGWkHUsjsY_sg6jGVLRMKD7NE7Zczl0IXw/getUpdates "HTTP/1.1 200 OK"
2025-03-09 00:36:31,093 - INFO - [httpx] HTTP Request: POST https://api.telegram.org/bot6972398846:AAGWkHUsjsY_sg6jGVLRMKD7NE7Zczl0IXw/getUpdates "HTTP/1.1 200 OK"
2025-03-09 00:36:41,232 - INFO - [httpx] HTTP Request: POST https://api.telegram.org/bot6972398846:AAGWkHUsjsY_sg6jGVLRMKD7NE7Zczl0IXw/getUpdates "HTTP/1.1 200 OK"
2025-03-09 00:36:51,269 - INFO - [httpx] HTTP Request: POST https://api.telegram.org/bot6972398846:AAGWkHUsjsY_sg6jGVLRMKD7NE7Zczl0IXw/getUpdates "HTTP/1.1 200 OK"
2025-03-09 00:37:01,310 - INFO - [httpx] HTTP Request: POST https://api.telegram.org/bot6972398846:AAGWkHUsjsY_sg6jGVLRMKD7NE7Zczl0IXw/getUpdates "HTTP/1.1 200 OK"
2025-03-09 00:37:11,392 - INFO - [httpx] HTTP Request: POST https://api.telegram.org/bot6972398846:AAGWkHUsjsY_sg6jGVLRMKD7NE7Zczl0IXw/getUpdates "HTTP/1.1 200 OK"
2025-03-09 00:37:18,726 - INFO - [httpx] HTTP Request: POST https://api.telegram.org/bot6972398846:AAGWkHUsjsY_sg6jGVLRMKD7NE7Zczl0IXw/getUpdates "HTTP/1.1 200 OK"
2025-03-09 00:37:18,728 - INFO - [telegram.ext.Application] Application is stopping. This might take a moment.
2025-03-09 00:37:18,728 - INFO - [apscheduler.scheduler] Scheduler has been shut down
2025-03-09 00:37:18,739 - INFO - [telegram.ext.Application] Application.stop() complete
2025-03-09 00:37:30,673 - INFO - [weather] Registering /weather command handler
2025-03-09 00:37:30,674 - INFO - [random_insult] Registering /insult command handler
2025-03-09 00:37:30,674 - INFO - [imdb] Registering /imdb command handler and callback query handler
2025-03-09 00:38:00,790 - INFO - [weather] Registering /weather command handler
2025-03-09 00:38:00,791 - INFO - [random_insult] Registering /insult command handler
2025-03-09 00:38:00,791 - INFO - [imdb] Registering /imdb command handler and callback query handler
2025-03-09 00:38:00,791 - INFO - [convert] Registering /brl command handler
2025-03-09 00:38:00,791 - INFO - [apscheduler.scheduler] Adding job tentatively -- it will be properly scheduled when the scheduler starts
2025-03-09 00:38:00,841 - INFO - [httpx] HTTP Request: POST https://api.telegram.org/bot6972398846:AAGWkHUsjsY_sg6jGVLRMKD7NE7Zczl0IXw/getMe "HTTP/1.1 200 OK"
2025-03-09 00:38:00,855 - INFO - [httpx] HTTP Request: POST https://api.telegram.org/bot6972398846:AAGWkHUsjsY_sg6jGVLRMKD7NE7Zczl0IXw/deleteWebhook "HTTP/1.1 200 OK"
2025-03-09 00:38:00,855 - INFO - [apscheduler.scheduler] Added job "summarise_messages" to job store "default"
2025-03-09 00:38:00,855 - INFO - [apscheduler.scheduler] Scheduler started
2025-03-09 00:38:00,855 - INFO - [telegram.ext.Application] Application started
2025-03-09 00:38:10,935 - INFO - [httpx] HTTP Request: POST https://api.telegram.org/bot6972398846:AAGWkHUsjsY_sg6jGVLRMKD7NE7Zczl0IXw/getUpdates "HTTP/1.1 200 OK"
2025-03-09 00:38:20,962 - INFO - [httpx] HTTP Request: POST https://api.telegram.org/bot6972398846:AAGWkHUsjsY_sg6jGVLRMKD7NE7Zczl0IXw/getUpdates "HTTP/1.1 200 OK"
2025-03-09 00:38:30,986 - INFO - [httpx] HTTP Request: POST https://api.telegram.org/bot6972398846:AAGWkHUsjsY_sg6jGVLRMKD7NE7Zczl0IXw/getUpdates "HTTP/1.1 200 OK"
2025-03-09 00:38:41,058 - INFO - [httpx] HTTP Request: POST https://api.telegram.org/bot6972398846:AAGWkHUsjsY_sg6jGVLRMKD7NE7Zczl0IXw/getUpdates "HTTP/1.1 200 OK"
2025-03-09 00:38:51,179 - INFO - [httpx] HTTP Request: POST https://api.telegram.org/bot6972398846:AAGWkHUsjsY_sg6jGVLRMKD7NE7Zczl0IXw/getUpdates "HTTP/1.1 200 OK"
2025-03-09 00:39:01,215 - INFO - [httpx] HTTP Request: POST https://api.telegram.org/bot6972398846:AAGWkHUsjsY_sg6jGVLRMKD7NE7Zczl0IXw/getUpdates "HTTP/1.1 200 OK"
2025-03-09 00:39:07,005 - INFO - [httpx] HTTP Request: POST https://api.telegram.org/bot6972398846:AAGWkHUsjsY_sg6jGVLRMKD7NE7Zczl0IXw/getUpdates "HTTP/1.1 200 OK"
2025-03-09 00:39:07,006 - INFO - [convert] Received /brl command from user 13375391
2025-03-09 00:39:07,318 - ERROR - [convert] Invalid response format from exchange rate API: {'success': False, 'error': {'code': 101, 'type': 'missing_access_key', 'info': 'You have not supplied an API Access Key. [Required format: access_key=YOUR_ACCESS_KEY]'}}
2025-03-09 00:39:07,411 - INFO - [httpx] HTTP Request: POST https://api.telegram.org/bot6972398846:AAGWkHUsjsY_sg6jGVLRMKD7NE7Zczl0IXw/sendMessage "HTTP/1.1 200 OK"
2025-03-09 00:39:17,339 - INFO - [httpx] HTTP Request: POST https://api.telegram.org/bot6972398846:AAGWkHUsjsY_sg6jGVLRMKD7NE7Zczl0IXw/getUpdates "HTTP/1.1 200 OK"
2025-03-09 00:39:27,428 - INFO - [httpx] HTTP Request: POST https://api.telegram.org/bot6972398846:AAGWkHUsjsY_sg6jGVLRMKD7NE7Zczl0IXw/getUpdates "HTTP/1.1 200 OK"
2025-03-09 00:39:37,581 - INFO - [httpx] HTTP Request: POST https://api.telegram.org/bot6972398846:AAGWkHUsjsY_sg6jGVLRMKD7NE7Zczl0IXw/getUpdates "HTTP/1.1 200 OK"
2025-03-09 00:39:47,704 - INFO - [httpx] HTTP Request: POST https://api.telegram.org/bot6972398846:AAGWkHUsjsY_sg6jGVLRMKD7NE7Zczl0IXw/getUpdates "HTTP/1.1 200 OK"
2025-03-09 00:39:57,849 - INFO - [httpx] HTTP Request: POST https://api.telegram.org/bot6972398846:AAGWkHUsjsY_sg6jGVLRMKD7NE7Zczl0IXw/getUpdates "HTTP/1.1 200 OK"
2025-03-09 00:40:07,979 - INFO - [httpx] HTTP Request: POST https://api.telegram.org/bot6972398846:AAGWkHUsjsY_sg6jGVLRMKD7NE7Zczl0IXw/getUpdates "HTTP/1.1 200 OK"
2025-03-09 00:40:18,122 - INFO - [httpx] HTTP Request: POST https://api.telegram.org/bot6972398846:AAGWkHUsjsY_sg6jGVLRMKD7NE7Zczl0IXw/getUpdates "HTTP/1.1 200 OK"
2025-03-09 00:40:28,255 - INFO - [httpx] HTTP Request: POST https://api.telegram.org/bot6972398846:AAGWkHUsjsY_sg6jGVLRMKD7NE7Zczl0IXw/getUpdates "HTTP/1.1 200 OK"
2025-03-09 00:40:38,276 - INFO - [httpx] HTTP Request: POST https://api.telegram.org/bot6972398846:AAGWkHUsjsY_sg6jGVLRMKD7NE7Zczl0IXw/getUpdates "HTTP/1.1 200 OK"
2025-03-09 00:40:48,303 - INFO - [httpx] HTTP Request: POST https://api.telegram.org/bot6972398846:AAGWkHUsjsY_sg6jGVLRMKD7NE7Zczl0IXw/getUpdates "HTTP/1.1 200 OK"
2025-03-09 00:40:58,334 - INFO - [httpx] HTTP Request: POST https://api.telegram.org/bot6972398846:AAGWkHUsjsY_sg6jGVLRMKD7NE7Zczl0IXw/getUpdates "HTTP/1.1 200 OK"
2025-03-09 00:41:08,367 - INFO - [httpx] HTTP Request: POST https://api.telegram.org/bot6972398846:AAGWkHUsjsY_sg6jGVLRMKD7NE7Zczl0IXw/getUpdates "HTTP/1.1 200 OK"
2025-03-09 00:41:18,396 - INFO - [httpx] HTTP Request: POST https://api.telegram.org/bot6972398846:AAGWkHUsjsY_sg6jGVLRMKD7NE7Zczl0IXw/getUpdates "HTTP/1.1 200 OK"
2025-03-09 00:41:28,467 - INFO - [httpx] HTTP Request: POST https://api.telegram.org/bot6972398846:AAGWkHUsjsY_sg6jGVLRMKD7NE7Zczl0IXw/getUpdates "HTTP/1.1 200 OK"
2025-03-09 00:41:38,501 - INFO - [httpx] HTTP Request: POST https://api.telegram.org/bot6972398846:AAGWkHUsjsY_sg6jGVLRMKD7NE7Zczl0IXw/getUpdates "HTTP/1.1 200 OK"
2025-03-09 00:41:48,526 - INFO - [httpx] HTTP Request: POST https://api.telegram.org/bot6972398846:AAGWkHUsjsY_sg6jGVLRMKD7NE7Zczl0IXw/getUpdates "HTTP/1.1 200 OK"
2025-03-09 00:41:58,559 - INFO - [httpx] HTTP Request: POST https://api.telegram.org/bot6972398846:AAGWkHUsjsY_sg6jGVLRMKD7NE7Zczl0IXw/getUpdates "HTTP/1.1 200 OK"
2025-03-09 00:42:08,582 - INFO - [httpx] HTTP Request: POST https://api.telegram.org/bot6972398846:AAGWkHUsjsY_sg6jGVLRMKD7NE7Zczl0IXw/getUpdates "HTTP/1.1 200 OK"
2025-03-09 00:42:18,624 - INFO - [httpx] HTTP Request: POST https://api.telegram.org/bot6972398846:AAGWkHUsjsY_sg6jGVLRMKD7NE7Zczl0IXw/getUpdates "HTTP/1.1 200 OK"
2025-03-09 00:42:28,645 - INFO - [httpx] HTTP Request: POST https://api.telegram.org/bot6972398846:AAGWkHUsjsY_sg6jGVLRMKD7NE7Zczl0IXw/getUpdates "HTTP/1.1 200 OK"
2025-03-09 00:42:38,713 - INFO - [httpx] HTTP Request: POST https://api.telegram.org/bot6972398846:AAGWkHUsjsY_sg6jGVLRMKD7NE7Zczl0IXw/getUpdates "HTTP/1.1 200 OK"
2025-03-09 00:42:48,753 - INFO - [httpx] HTTP Request: POST https://api.telegram.org/bot6972398846:AAGWkHUsjsY_sg6jGVLRMKD7NE7Zczl0IXw/getUpdates "HTTP/1.1 200 OK"
2025-03-09 00:42:58,888 - INFO - [httpx] HTTP Request: POST https://api.telegram.org/bot6972398846:AAGWkHUsjsY_sg6jGVLRMKD7NE7Zczl0IXw/getUpdates "HTTP/1.1 200 OK"
2025-03-09 00:43:09,026 - INFO - [httpx] HTTP Request: POST https://api.telegram.org/bot6972398846:AAGWkHUsjsY_sg6jGVLRMKD7NE7Zczl0IXw/getUpdates "HTTP/1.1 200 OK"
2025-03-09 00:43:19,066 - INFO - [httpx] HTTP Request: POST https://api.telegram.org/bot6972398846:AAGWkHUsjsY_sg6jGVLRMKD7NE7Zczl0IXw/getUpdates "HTTP/1.1 200 OK"
2025-03-09 00:43:29,088 - INFO - [httpx] HTTP Request: POST https://api.telegram.org/bot6972398846:AAGWkHUsjsY_sg6jGVLRMKD7NE7Zczl0IXw/getUpdates "HTTP/1.1 200 OK"
2025-03-09 00:43:39,127 - INFO - [httpx] HTTP Request: POST https://api.telegram.org/bot6972398846:AAGWkHUsjsY_sg6jGVLRMKD7NE7Zczl0IXw/getUpdates "HTTP/1.1 200 OK"
2025-03-09 00:43:49,150 - INFO - [httpx] HTTP Request: POST https://api.telegram.org/bot6972398846:AAGWkHUsjsY_sg6jGVLRMKD7NE7Zczl0IXw/getUpdates "HTTP/1.1 200 OK"
2025-03-09 00:43:59,198 - INFO - [httpx] HTTP Request: POST https://api.telegram.org/bot6972398846:AAGWkHUsjsY_sg6jGVLRMKD7NE7Zczl0IXw/getUpdates "HTTP/1.1 200 OK"
2025-03-09 00:44:09,245 - INFO - [httpx] HTTP Request: POST https://api.telegram.org/bot6972398846:AAGWkHUsjsY_sg6jGVLRMKD7NE7Zczl0IXw/getUpdates "HTTP/1.1 200 OK"
2025-03-09 00:44:19,374 - INFO - [httpx] HTTP Request: POST https://api.telegram.org/bot6972398846:AAGWkHUsjsY_sg6jGVLRMKD7NE7Zczl0IXw/getUpdates "HTTP/1.1 200 OK"
2025-03-09 00:44:29,510 - INFO - [httpx] HTTP Request: POST https://api.telegram.org/bot6972398846:AAGWkHUsjsY_sg6jGVLRMKD7NE7Zczl0IXw/getUpdates "HTTP/1.1 200 OK"
2025-03-09 00:44:39,649 - INFO - [httpx] HTTP Request: POST https://api.telegram.org/bot6972398846:AAGWkHUsjsY_sg6jGVLRMKD7NE7Zczl0IXw/getUpdates "HTTP/1.1 200 OK"
2025-03-09 00:44:49,694 - INFO - [httpx] HTTP Request: POST https://api.telegram.org/bot6972398846:AAGWkHUsjsY_sg6jGVLRMKD7NE7Zczl0IXw/getUpdates "HTTP/1.1 200 OK"
2025-03-09 00:44:59,822 - INFO - [httpx] HTTP Request: POST https://api.telegram.org/bot6972398846:AAGWkHUsjsY_sg6jGVLRMKD7NE7Zczl0IXw/getUpdates "HTTP/1.1 200 OK"
2025-03-09 00:45:09,862 - INFO - [httpx] HTTP Request: POST https://api.telegram.org/bot6972398846:AAGWkHUsjsY_sg6jGVLRMKD7NE7Zczl0IXw/getUpdates "HTTP/1.1 200 OK"
2025-03-09 00:45:19,906 - INFO - [httpx] HTTP Request: POST https://api.telegram.org/bot6972398846:AAGWkHUsjsY_sg6jGVLRMKD7NE7Zczl0IXw/getUpdates "HTTP/1.1 200 OK"
2025-03-09 00:45:22,180 - INFO - [weather] Registering /weather command handler
2025-03-09 00:45:22,180 - INFO - [random_insult] Registering /insult command handler
2025-03-09 00:45:22,180 - INFO - [imdb] Registering /imdb command handler and callback query handler
2025-03-09 00:45:22,180 - INFO - [convert] Registering /brl command handler
2025-03-09 00:45:22,181 - INFO - [apscheduler.scheduler] Adding job tentatively -- it will be properly scheduled when the scheduler starts
2025-03-09 00:45:22,231 - INFO - [httpx] HTTP Request: POST https://api.telegram.org/bot6972398846:AAGWkHUsjsY_sg6jGVLRMKD7NE7Zczl0IXw/getMe "HTTP/1.1 200 OK"
2025-03-09 00:45:22,245 - INFO - [httpx] HTTP Request: POST https://api.telegram.org/bot6972398846:AAGWkHUsjsY_sg6jGVLRMKD7NE7Zczl0IXw/deleteWebhook "HTTP/1.1 200 OK"
2025-03-09 00:45:22,246 - INFO - [apscheduler.scheduler] Added job "summarise_messages" to job store "default"
2025-03-09 00:45:22,246 - INFO - [apscheduler.scheduler] Scheduler started
2025-03-09 00:45:22,246 - INFO - [telegram.ext.Application] Application started
2025-03-09 00:45:31,068 - INFO - [httpx] HTTP Request: POST https://api.telegram.org/bot6972398846:AAGWkHUsjsY_sg6jGVLRMKD7NE7Zczl0IXw/getUpdates "HTTP/1.1 200 OK"
2025-03-09 00:45:31,070 - INFO - [convert] Received /brl command from user 13375391
2025-03-09 00:45:31,570 - ERROR - [convert] Invalid response format from exchange rate API: {'success': False, 'error': {'code': 101, 'type': 'missing_access_key', 'info': 'You have not supplied an API Access Key. [Required format: access_key=YOUR_ACCESS_KEY]'}}
2025-03-09 00:45:31,653 - INFO - [httpx] HTTP Request: POST https://api.telegram.org/bot6972398846:AAGWkHUsjsY_sg6jGVLRMKD7NE7Zczl0IXw/sendMessage "HTTP/1.1 200 OK"
2025-03-09 00:45:41,701 - INFO - [httpx] HTTP Request: POST https://api.telegram.org/bot6972398846:AAGWkHUsjsY_sg6jGVLRMKD7NE7Zczl0IXw/getUpdates "HTTP/1.1 200 OK"
2025-03-09 00:45:49,440 - INFO - [httpx] HTTP Request: POST https://api.telegram.org/bot6972398846:AAGWkHUsjsY_sg6jGVLRMKD7NE7Zczl0IXw/getUpdates "HTTP/1.1 200 OK"
2025-03-09 00:45:49,442 - INFO - [telegram.ext.Application] Application is stopping. This might take a moment.
2025-03-09 00:45:49,442 - INFO - [apscheduler.scheduler] Scheduler has been shut down
2025-03-09 00:45:49,453 - INFO - [telegram.ext.Application] Application.stop() complete
2025-03-09 00:46:00,931 - INFO - [weather] Registering /weather command handler
2025-03-09 00:46:00,931 - INFO - [random_insult] Registering /insult command handler
2025-03-09 00:46:00,931 - INFO - [imdb] Registering /imdb command handler and callback query handler
2025-03-09 00:46:00,932 - INFO - [convert] Registering /brl command handler
2025-03-09 00:46:00,932 - INFO - [apscheduler.scheduler] Adding job tentatively -- it will be properly scheduled when the scheduler starts
2025-03-09 00:46:00,984 - INFO - [httpx] HTTP Request: POST https://api.telegram.org/bot6972398846:AAGWkHUsjsY_sg6jGVLRMKD7NE7Zczl0IXw/getMe "HTTP/1.1 200 OK"
2025-03-09 00:46:01,006 - INFO - [httpx] HTTP Request: POST https://api.telegram.org/bot6972398846:AAGWkHUsjsY_sg6jGVLRMKD7NE7Zczl0IXw/deleteWebhook "HTTP/1.1 200 OK"
2025-03-09 00:46:01,006 - INFO - [apscheduler.scheduler] Added job "summarise_messages" to job store "default"
2025-03-09 00:46:01,006 - INFO - [apscheduler.scheduler] Scheduler started
2025-03-09 00:46:01,006 - INFO - [telegram.ext.Application] Application started
2025-03-09 00:46:06,491 - INFO - [httpx] HTTP Request: POST https://api.telegram.org/bot6972398846:AAGWkHUsjsY_sg6jGVLRMKD7NE7Zczl0IXw/getUpdates "HTTP/1.1 200 OK"
2025-03-09 00:46:06,492 - INFO - [convert] Received /brl command from user 13375391
2025-03-09 00:46:06,789 - ERROR - [convert] Invalid response format from exchange rate API: {'success': False, 'error': {'code': 103, 'type': 'invalid_api_function', 'info': 'This API Function does not exist.'}}
2025-03-09 00:46:06,955 - INFO - [httpx] HTTP Request: POST https://api.telegram.org/bot6972398846:AAGWkHUsjsY_sg6jGVLRMKD7NE7Zczl0IXw/sendMessage "HTTP/1.1 200 OK"
2025-03-09 00:46:16,825 - INFO - [httpx] HTTP Request: POST https://api.telegram.org/bot6972398846:AAGWkHUsjsY_sg6jGVLRMKD7NE7Zczl0IXw/getUpdates "HTTP/1.1 200 OK"
2025-03-09 00:46:26,846 - INFO - [httpx] HTTP Request: POST https://api.telegram.org/bot6972398846:AAGWkHUsjsY_sg6jGVLRMKD7NE7Zczl0IXw/getUpdates "HTTP/1.1 200 OK"
2025-03-09 00:46:36,900 - INFO - [httpx] HTTP Request: POST https://api.telegram.org/bot6972398846:AAGWkHUsjsY_sg6jGVLRMKD7NE7Zczl0IXw/getUpdates "HTTP/1.1 200 OK"
2025-03-09 00:46:47,034 - INFO - [httpx] HTTP Request: POST https://api.telegram.org/bot6972398846:AAGWkHUsjsY_sg6jGVLRMKD7NE7Zczl0IXw/getUpdates "HTTP/1.1 200 OK"
2025-03-09 00:46:57,069 - INFO - [httpx] HTTP Request: POST https://api.telegram.org/bot6972398846:AAGWkHUsjsY_sg6jGVLRMKD7NE7Zczl0IXw/getUpdates "HTTP/1.1 200 OK"
2025-03-09 00:47:00,329 - INFO - [httpx] HTTP Request: POST https://api.telegram.org/bot6972398846:AAGWkHUsjsY_sg6jGVLRMKD7NE7Zczl0IXw/getUpdates "HTTP/1.1 200 OK"
2025-03-09 00:47:00,331 - INFO - [telegram.ext.Application] Application is stopping. This might take a moment.
2025-03-09 00:47:00,332 - INFO - [apscheduler.scheduler] Scheduler has been shut down
2025-03-09 00:47:00,342 - INFO - [telegram.ext.Application] Application.stop() complete
2025-03-09 00:47:01,398 - INFO - [weather] Registering /weather command handler
2025-03-09 00:47:01,398 - INFO - [random_insult] Registering /insult command handler
2025-03-09 00:47:01,398 - INFO - [imdb] Registering /imdb command handler and callback query handler
2025-03-09 00:47:01,398 - INFO - [convert] Registering /brl command handler
2025-03-09 00:47:01,399 - INFO - [apscheduler.scheduler] Adding job tentatively -- it will be properly scheduled when the scheduler starts
2025-03-09 00:47:01,451 - INFO - [httpx] HTTP Request: POST https://api.telegram.org/bot6972398846:AAGWkHUsjsY_sg6jGVLRMKD7NE7Zczl0IXw/getMe "HTTP/1.1 200 OK"
2025-03-09 00:47:01,473 - INFO - [httpx] HTTP Request: POST https://api.telegram.org/bot6972398846:AAGWkHUsjsY_sg6jGVLRMKD7NE7Zczl0IXw/deleteWebhook "HTTP/1.1 200 OK"
2025-03-09 00:47:01,473 - INFO - [apscheduler.scheduler] Added job "summarise_messages" to job store "default"
2025-03-09 00:47:01,473 - INFO - [apscheduler.scheduler] Scheduler started
2025-03-09 00:47:01,473 - INFO - [telegram.ext.Application] Application started
2025-03-09 00:47:04,404 - INFO - [httpx] HTTP Request: POST https://api.telegram.org/bot6972398846:AAGWkHUsjsY_sg6jGVLRMKD7NE7Zczl0IXw/getUpdates "HTTP/1.1 200 OK"
2025-03-09 00:47:04,407 - INFO - [convert] Received /brl command from user 13375391
2025-03-09 00:47:04,703 - ERROR - [telegram.ext.Application] No error handlers are registered, logging exception.
Traceback (most recent call last):
  File "/Users/gui/git/talbot/.talbot-github-venv/lib/python3.13/site-packages/telegram/ext/_application.py", line 1343, in process_update
    await coroutine
  File "/Users/gui/git/talbot/.talbot-github-venv/lib/python3.13/site-packages/telegram/ext/_handlers/basehandler.py", line 158, in handle_update
    return await self.callback(update, context)
           ^^^^^^^^^^^^^^^^^^^^^^^^^^^^^^^^^^^^
  File "/Users/gui/git/talbot-github/src/convert.py", line 52, in brl_command
    conversion_message = get_gbp_brl_rate()
  File "/Users/gui/git/talbot-github/src/convert.py", line 32, in get_gbp_brl_rate
    print(data["rates"])
          ~~~~^^^^^^^^^
KeyError: 'rates'
2025-03-09 00:47:14,658 - INFO - [httpx] HTTP Request: POST https://api.telegram.org/bot6972398846:AAGWkHUsjsY_sg6jGVLRMKD7NE7Zczl0IXw/getUpdates "HTTP/1.1 200 OK"
2025-03-09 00:47:14,659 - INFO - [telegram.ext.Application] Application is stopping. This might take a moment.
2025-03-09 00:47:14,659 - INFO - [apscheduler.scheduler] Scheduler has been shut down
2025-03-09 00:47:14,670 - INFO - [telegram.ext.Application] Application.stop() complete
2025-03-09 00:52:21,104 - INFO - [weather] Registering /weather command handler
2025-03-09 00:52:21,104 - INFO - [random_insult] Registering /insult command handler
2025-03-09 00:52:21,105 - INFO - [imdb] Registering /imdb command handler and callback query handler
2025-03-09 00:52:21,105 - INFO - [convert] Registering /brl command handler
2025-03-09 00:52:21,105 - INFO - [apscheduler.scheduler] Adding job tentatively -- it will be properly scheduled when the scheduler starts
2025-03-09 00:52:21,173 - INFO - [httpx] HTTP Request: POST https://api.telegram.org/bot6972398846:AAGWkHUsjsY_sg6jGVLRMKD7NE7Zczl0IXw/getMe "HTTP/1.1 200 OK"
2025-03-09 00:52:21,188 - INFO - [httpx] HTTP Request: POST https://api.telegram.org/bot6972398846:AAGWkHUsjsY_sg6jGVLRMKD7NE7Zczl0IXw/deleteWebhook "HTTP/1.1 200 OK"
2025-03-09 00:52:21,188 - INFO - [apscheduler.scheduler] Added job "summarise_messages" to job store "default"
2025-03-09 00:52:21,188 - INFO - [apscheduler.scheduler] Scheduler started
2025-03-09 00:52:21,188 - INFO - [telegram.ext.Application] Application started
2025-03-09 00:52:26,146 - INFO - [httpx] HTTP Request: POST https://api.telegram.org/bot6972398846:AAGWkHUsjsY_sg6jGVLRMKD7NE7Zczl0IXw/getUpdates "HTTP/1.1 200 OK"
2025-03-09 00:52:26,148 - INFO - [convert] Received /brl command from user 13375391
2025-03-09 00:52:26,148 - ERROR - [telegram.ext.Application] No error handlers are registered, logging exception.
Traceback (most recent call last):
  File "/Users/gui/git/talbot/.talbot-github-venv/lib/python3.13/site-packages/telegram/ext/_application.py", line 1343, in process_update
    await coroutine
  File "/Users/gui/git/talbot/.talbot-github-venv/lib/python3.13/site-packages/telegram/ext/_handlers/basehandler.py", line 158, in handle_update
    return await self.callback(update, context)
           ^^^^^^^^^^^^^^^^^^^^^^^^^^^^^^^^^^^^
  File "/Users/gui/git/talbot-github/src/convert.py", line 51, in brl_command
    conversion_message = get_gbp_brl_rate()
  File "/Users/gui/git/talbot-github/src/convert.py", line 30, in get_gbp_brl_rate
    response = requests.get(url, params=params, timeout=10)
                                        ^^^^^^
NameError: name 'params' is not defined
2025-03-09 00:52:36,206 - INFO - [httpx] HTTP Request: POST https://api.telegram.org/bot6972398846:AAGWkHUsjsY_sg6jGVLRMKD7NE7Zczl0IXw/getUpdates "HTTP/1.1 200 OK"
2025-03-09 00:52:43,488 - INFO - [httpx] HTTP Request: POST https://api.telegram.org/bot6972398846:AAGWkHUsjsY_sg6jGVLRMKD7NE7Zczl0IXw/getUpdates "HTTP/1.1 200 OK"
2025-03-09 00:52:43,490 - INFO - [telegram.ext.Application] Application is stopping. This might take a moment.
2025-03-09 00:52:43,491 - INFO - [apscheduler.scheduler] Scheduler has been shut down
2025-03-09 00:52:43,502 - INFO - [telegram.ext.Application] Application.stop() complete
2025-03-09 00:52:44,418 - INFO - [weather] Registering /weather command handler
2025-03-09 00:52:44,418 - INFO - [random_insult] Registering /insult command handler
2025-03-09 00:52:44,418 - INFO - [imdb] Registering /imdb command handler and callback query handler
2025-03-09 00:52:44,418 - INFO - [convert] Registering /brl command handler
2025-03-09 00:52:44,419 - INFO - [apscheduler.scheduler] Adding job tentatively -- it will be properly scheduled when the scheduler starts
2025-03-09 00:52:44,477 - INFO - [httpx] HTTP Request: POST https://api.telegram.org/bot6972398846:AAGWkHUsjsY_sg6jGVLRMKD7NE7Zczl0IXw/getMe "HTTP/1.1 200 OK"
2025-03-09 00:52:44,497 - INFO - [httpx] HTTP Request: POST https://api.telegram.org/bot6972398846:AAGWkHUsjsY_sg6jGVLRMKD7NE7Zczl0IXw/deleteWebhook "HTTP/1.1 200 OK"
2025-03-09 00:52:44,497 - INFO - [apscheduler.scheduler] Added job "summarise_messages" to job store "default"
2025-03-09 00:52:44,497 - INFO - [apscheduler.scheduler] Scheduler started
2025-03-09 00:52:44,497 - INFO - [telegram.ext.Application] Application started
2025-03-09 00:52:46,525 - INFO - [httpx] HTTP Request: POST https://api.telegram.org/bot6972398846:AAGWkHUsjsY_sg6jGVLRMKD7NE7Zczl0IXw/getUpdates "HTTP/1.1 200 OK"
2025-03-09 00:52:46,526 - INFO - [convert] Received /brl command from user 13375391
2025-03-09 00:52:46,827 - ERROR - [convert] Invalid response format from exchange rate API: {'success': False, 'error': {'code': 101, 'type': 'invalid_access_key', 'info': 'You have not supplied a valid API Access Key. [Technical Support: support@apilayer.com]'}}
2025-03-09 00:52:46,883 - INFO - [httpx] HTTP Request: POST https://api.telegram.org/bot6972398846:AAGWkHUsjsY_sg6jGVLRMKD7NE7Zczl0IXw/sendMessage "HTTP/1.1 200 OK"
2025-03-09 00:52:56,847 - INFO - [httpx] HTTP Request: POST https://api.telegram.org/bot6972398846:AAGWkHUsjsY_sg6jGVLRMKD7NE7Zczl0IXw/getUpdates "HTTP/1.1 200 OK"
2025-03-09 00:53:01,601 - INFO - [httpx] HTTP Request: POST https://api.telegram.org/bot6972398846:AAGWkHUsjsY_sg6jGVLRMKD7NE7Zczl0IXw/getUpdates "HTTP/1.1 200 OK"
2025-03-09 00:53:01,602 - INFO - [telegram.ext.Application] Application is stopping. This might take a moment.
2025-03-09 00:53:01,603 - INFO - [apscheduler.scheduler] Scheduler has been shut down
2025-03-09 00:53:01,614 - INFO - [telegram.ext.Application] Application.stop() complete
2025-03-09 00:53:02,790 - INFO - [weather] Registering /weather command handler
2025-03-09 00:53:02,790 - INFO - [random_insult] Registering /insult command handler
2025-03-09 00:53:02,790 - INFO - [imdb] Registering /imdb command handler and callback query handler
2025-03-09 00:53:02,790 - INFO - [convert] Registering /brl command handler
2025-03-09 00:53:02,791 - INFO - [apscheduler.scheduler] Adding job tentatively -- it will be properly scheduled when the scheduler starts
2025-03-09 00:53:02,840 - INFO - [httpx] HTTP Request: POST https://api.telegram.org/bot6972398846:AAGWkHUsjsY_sg6jGVLRMKD7NE7Zczl0IXw/getMe "HTTP/1.1 200 OK"
2025-03-09 00:53:02,855 - INFO - [httpx] HTTP Request: POST https://api.telegram.org/bot6972398846:AAGWkHUsjsY_sg6jGVLRMKD7NE7Zczl0IXw/deleteWebhook "HTTP/1.1 200 OK"
2025-03-09 00:53:02,856 - INFO - [apscheduler.scheduler] Added job "summarise_messages" to job store "default"
2025-03-09 00:53:02,856 - INFO - [apscheduler.scheduler] Scheduler started
2025-03-09 00:53:02,856 - INFO - [telegram.ext.Application] Application started
2025-03-09 00:53:04,516 - INFO - [httpx] HTTP Request: POST https://api.telegram.org/bot6972398846:AAGWkHUsjsY_sg6jGVLRMKD7NE7Zczl0IXw/getUpdates "HTTP/1.1 200 OK"
2025-03-09 00:53:04,519 - INFO - [convert] Received /brl command from user 13375391
2025-03-09 00:53:04,881 - ERROR - [convert] Invalid response format from exchange rate API: {'success': True, 'terms': 'https://currencylayer.com/terms', 'privacy': 'https://currencylayer.com/privacy', 'timestamp': 1741481524, 'source': 'USD', 'quotes': {'USDAED': 3.672704, 'USDAFN': 72.357311, 'USDALL': 91.680893, 'USDAMD': 394.500069, 'USDANG': 1.804457, 'USDAOA': 914.503981, 'USDARS': 1064.901029, 'USDAUD': 1.590837, 'USDAWG': 1.8, 'USDAZN': 1.70397, 'USDBAM': 1.804826, 'USDBBD': 2.021501, 'USDBDT': 121.644442, 'USDBGN': 1.804826, 'USDBHD': 0.376967, 'USDBIF': 2966.086836, 'USDBMD': 1, 'USDBND': 1.332349, 'USDBOB': 6.918285, 'USDBRL': 5.787904, 'USDBSD': 1.001154, 'USDBTC': 1.1584331e-05, 'USDBTN': 87.009643, 'USDBWP': 13.613252, 'USDBYN': 3.276519, 'USDBYR': 19600, 'USDBZD': 2.011074, 'USDCAD': 1.43715, 'USDCDF': 2875.000362, 'USDCHF': 0.880846, 'USDCLF': 0.024175, 'USDCLP': 927.688829, 'USDCNY': 7.23425, 'USDCNH': 7.24515, 'USDCOP': 4106.491949, 'USDCRC': 506.252019, 'USDCUC': 1, 'USDCUP': 26.5, 'USDCVE': 101.753334, 'USDCZK': 23.020704, 'USDDJF': 178.286347, 'USDDKK': 6.884404, 'USDDOP': 62.630923, 'USDDZD': 133.259816, 'USDEGP': 50.678725, 'USDERN': 15, 'USDETB': 130.90066, 'USDEUR': 0.922804, 'USDFJD': 2.296804, 'USDFKP': 0.774356, 'USDGBP': 0.774984, 'USDGEL': 2.77504, 'USDGGP': 0.774356, 'USDGHS': 15.518848, 'USDGIP': 0.774356, 'USDGMD': 71.503851, 'USDGNF': 8656.85415, 'USDGTQ': 7.72205, 'USDGYD': 209.468002, 'USDHKD': 7.77075, 'USDHNL': 25.602362, 'USDHRK': 6.954404, 'USDHTG': 131.453883, 'USDHUF': 367.380388, 'USDIDR': 16300, 'USDILS': 3.62885, 'USDIMP': 0.774356, 'USDINR': 87.110504, 'USDIQD': 1311.585844, 'USDIRR': 42100.000352, 'USDISK': 135.770386, 'USDJEP': 0.774356, 'USDJMD': 156.951045, 'USDJOD': 0.709404, 'USDJPY': 148.04504, 'USDKES': 129.562128, 'USDKGS': 87.450384, 'USDKHR': 4012.365616, 'USDKMF': 455.050384, 'USDKPW': 900.027002, 'USDKRW': 1450.00035, 'USDKWD': 0.30809, 'USDKYD': 0.83431, 'USDKZT': 491.339455, 'USDLAK': 21677.663452, 'USDLBP': 89707.470124, 'USDLKR': 295.805841, 'USDLRD': 200.23993, 'USDLSL': 18.147557, 'USDLTL': 2.95274, 'USDLVL': 0.60489, 'USDLYD': 4.832741, 'USDMAD': 9.735339, 'USDMDL': 18.171919, 'USDMGA': 4689.706086, 'USDMKD': 56.780326, 'USDMMK': 2099.091691, 'USDMNT': 3470.412698, 'USDMOP': 8.01375, 'USDMRU': 39.938172, 'USDMUR': 45.220378, 'USDMVR': 15.410378, 'USDMWK': 1736.077147, 'USDMXN': 20.26717, 'USDMYR': 4.414504, 'USDMZN': 63.903729, 'USDNAD': 18.147557, 'USDNGN': 1515.000344, 'USDNIO': 36.847691, 'USDNOK': 10.859904, 'USDNPR': 139.215614, 'USDNZD': 1.75116, 'USDOMR': 0.384986, 'USDPAB': 1.001154, 'USDPEN': 3.657915, 'USDPGK': 4.088036, 'USDPHP': 57.205038, 'USDPKR': 280.335902, 'USDPLN': 3.849582, 'USDPYG': 7927.836479, 'USDQAR': 3.650072, 'USDRON': 4.592604, 'USDRSD': 108.134545, 'USDRUB': 89.050893, 'USDRWF': 1409.680247, 'USDSAR': 3.751673, 'USDSBD': 8.411286, 'USDSCR': 14.745038, 'USDSDG': 601.000339, 'USDSEK': 10.086404, 'USDSGD': 1.330904, 'USDSHP': 0.785843, 'USDSLE': 22.850371, 'USDSLL': 20969.505638, 'USDSOS': 572.232732, 'USDSRD': 35.80366, 'USDSTD': 20697.981008, 'USDSVC': 8.760209, 'USDSYP': 13002.468947, 'USDSZL': 18.142389, 'USDTHB': 33.756038, 'USDTJS': 10.913118, 'USDTMT': 3.51, 'USDTND': 3.092511, 'USDTOP': 2.342104, 'USDTRY': 36.400804, 'USDTTD': 6.796475, 'USDTWD': 32.842038, 'USDTZS': 2648.179763, 'USDUAH': 41.266461, 'USDUGX': 3673.695381, 'USDUYU': 42.661376, 'USDUZS': 12934.065427, 'USDVES': 64.578446, 'USDVND': 25505, 'USDVUV': 124.140612, 'USDWST': 2.818076, 'USDXAF': 605.321829, 'USDXAG': 0.030765, 'USDXAU': 0.000343, 'USDXCD': 2.70255, 'USDXDR': 0.752826, 'USDXOF': 605.321829, 'USDXPF': 110.053984, 'USDYER': 246.803591, 'USDZAR': 18.25142, 'USDZMK': 9001.203587, 'USDZMW': 28.509205, 'USDZWL': 321.999592}}
2025-03-09 00:53:04,917 - INFO - [httpx] HTTP Request: POST https://api.telegram.org/bot6972398846:AAGWkHUsjsY_sg6jGVLRMKD7NE7Zczl0IXw/sendMessage "HTTP/1.1 200 OK"
2025-03-09 00:53:14,913 - INFO - [httpx] HTTP Request: POST https://api.telegram.org/bot6972398846:AAGWkHUsjsY_sg6jGVLRMKD7NE7Zczl0IXw/getUpdates "HTTP/1.1 200 OK"
2025-03-09 00:53:24,947 - INFO - [httpx] HTTP Request: POST https://api.telegram.org/bot6972398846:AAGWkHUsjsY_sg6jGVLRMKD7NE7Zczl0IXw/getUpdates "HTTP/1.1 200 OK"
2025-03-09 00:53:34,987 - INFO - [httpx] HTTP Request: POST https://api.telegram.org/bot6972398846:AAGWkHUsjsY_sg6jGVLRMKD7NE7Zczl0IXw/getUpdates "HTTP/1.1 200 OK"
2025-03-09 00:53:45,119 - INFO - [httpx] HTTP Request: POST https://api.telegram.org/bot6972398846:AAGWkHUsjsY_sg6jGVLRMKD7NE7Zczl0IXw/getUpdates "HTTP/1.1 200 OK"
2025-03-09 00:53:55,156 - INFO - [httpx] HTTP Request: POST https://api.telegram.org/bot6972398846:AAGWkHUsjsY_sg6jGVLRMKD7NE7Zczl0IXw/getUpdates "HTTP/1.1 200 OK"
2025-03-09 00:54:05,178 - INFO - [httpx] HTTP Request: POST https://api.telegram.org/bot6972398846:AAGWkHUsjsY_sg6jGVLRMKD7NE7Zczl0IXw/getUpdates "HTTP/1.1 200 OK"
2025-03-09 00:54:15,202 - INFO - [httpx] HTTP Request: POST https://api.telegram.org/bot6972398846:AAGWkHUsjsY_sg6jGVLRMKD7NE7Zczl0IXw/getUpdates "HTTP/1.1 200 OK"
2025-03-09 00:54:25,224 - INFO - [httpx] HTTP Request: POST https://api.telegram.org/bot6972398846:AAGWkHUsjsY_sg6jGVLRMKD7NE7Zczl0IXw/getUpdates "HTTP/1.1 200 OK"
2025-03-09 00:54:29,146 - INFO - [httpx] HTTP Request: POST https://api.telegram.org/bot6972398846:AAGWkHUsjsY_sg6jGVLRMKD7NE7Zczl0IXw/getUpdates "HTTP/1.1 200 OK"
2025-03-09 00:54:29,147 - INFO - [telegram.ext.Application] Application is stopping. This might take a moment.
2025-03-09 00:54:29,147 - INFO - [apscheduler.scheduler] Scheduler has been shut down
2025-03-09 00:54:29,158 - INFO - [telegram.ext.Application] Application.stop() complete
2025-03-09 00:54:30,267 - INFO - [weather] Registering /weather command handler
2025-03-09 00:54:30,267 - INFO - [random_insult] Registering /insult command handler
2025-03-09 00:54:30,267 - INFO - [imdb] Registering /imdb command handler and callback query handler
2025-03-09 00:54:30,267 - INFO - [convert] Registering /brl command handler
2025-03-09 00:54:30,268 - INFO - [apscheduler.scheduler] Adding job tentatively -- it will be properly scheduled when the scheduler starts
2025-03-09 00:54:30,328 - INFO - [httpx] HTTP Request: POST https://api.telegram.org/bot6972398846:AAGWkHUsjsY_sg6jGVLRMKD7NE7Zczl0IXw/getMe "HTTP/1.1 200 OK"
2025-03-09 00:54:30,342 - INFO - [httpx] HTTP Request: POST https://api.telegram.org/bot6972398846:AAGWkHUsjsY_sg6jGVLRMKD7NE7Zczl0IXw/deleteWebhook "HTTP/1.1 200 OK"
2025-03-09 00:54:30,343 - INFO - [apscheduler.scheduler] Added job "summarise_messages" to job store "default"
2025-03-09 00:54:30,343 - INFO - [apscheduler.scheduler] Scheduler started
2025-03-09 00:54:30,343 - INFO - [telegram.ext.Application] Application started
2025-03-09 00:54:36,022 - INFO - [httpx] HTTP Request: POST https://api.telegram.org/bot6972398846:AAGWkHUsjsY_sg6jGVLRMKD7NE7Zczl0IXw/getUpdates "HTTP/1.1 200 OK"
2025-03-09 00:54:36,024 - INFO - [convert] Received /brl command from user 13375391
2025-03-09 00:54:36,314 - ERROR - [convert] Invalid response format from exchange rate API: {'success': True, 'terms': 'https://currencylayer.com/terms', 'privacy': 'https://currencylayer.com/privacy', 'timestamp': 1741481643, 'source': 'USD', 'quotes': {'USDAED': 3.672704, 'USDAFN': 72.357311, 'USDALL': 91.680893, 'USDAMD': 394.500069, 'USDANG': 1.804457, 'USDAOA': 914.503981, 'USDARS': 1064.901029, 'USDAUD': 1.590837, 'USDAWG': 1.8, 'USDAZN': 1.70397, 'USDBAM': 1.804826, 'USDBBD': 2.021501, 'USDBDT': 121.644442, 'USDBGN': 1.804826, 'USDBHD': 0.376967, 'USDBIF': 2966.086836, 'USDBMD': 1, 'USDBND': 1.332349, 'USDBOB': 6.918285, 'USDBRL': 5.787904, 'USDBSD': 1.001154, 'USDBTC': 1.1584331e-05, 'USDBTN': 87.009643, 'USDBWP': 13.613252, 'USDBYN': 3.276519, 'USDBYR': 19600, 'USDBZD': 2.011074, 'USDCAD': 1.43715, 'USDCDF': 2875.000362, 'USDCHF': 0.880846, 'USDCLF': 0.024175, 'USDCLP': 927.688829, 'USDCNY': 7.23425, 'USDCNH': 7.24515, 'USDCOP': 4106.491949, 'USDCRC': 506.252019, 'USDCUC': 1, 'USDCUP': 26.5, 'USDCVE': 101.753334, 'USDCZK': 23.020704, 'USDDJF': 178.286347, 'USDDKK': 6.884404, 'USDDOP': 62.630923, 'USDDZD': 133.259816, 'USDEGP': 50.678725, 'USDERN': 15, 'USDETB': 130.90066, 'USDEUR': 0.922804, 'USDFJD': 2.296804, 'USDFKP': 0.774356, 'USDGBP': 0.774984, 'USDGEL': 2.77504, 'USDGGP': 0.774356, 'USDGHS': 15.518848, 'USDGIP': 0.774356, 'USDGMD': 71.503851, 'USDGNF': 8656.85415, 'USDGTQ': 7.72205, 'USDGYD': 209.468002, 'USDHKD': 7.77075, 'USDHNL': 25.602362, 'USDHRK': 6.954404, 'USDHTG': 131.453883, 'USDHUF': 367.380388, 'USDIDR': 16300, 'USDILS': 3.62885, 'USDIMP': 0.774356, 'USDINR': 87.110504, 'USDIQD': 1311.585844, 'USDIRR': 42100.000352, 'USDISK': 135.770386, 'USDJEP': 0.774356, 'USDJMD': 156.951045, 'USDJOD': 0.709404, 'USDJPY': 148.04504, 'USDKES': 129.562128, 'USDKGS': 87.450384, 'USDKHR': 4012.365616, 'USDKMF': 455.050384, 'USDKPW': 900.027002, 'USDKRW': 1450.00035, 'USDKWD': 0.30809, 'USDKYD': 0.83431, 'USDKZT': 491.339455, 'USDLAK': 21677.663452, 'USDLBP': 89707.470124, 'USDLKR': 295.805841, 'USDLRD': 200.23993, 'USDLSL': 18.147557, 'USDLTL': 2.95274, 'USDLVL': 0.60489, 'USDLYD': 4.832741, 'USDMAD': 9.735339, 'USDMDL': 18.171919, 'USDMGA': 4689.706086, 'USDMKD': 56.780326, 'USDMMK': 2099.091691, 'USDMNT': 3470.412698, 'USDMOP': 8.01375, 'USDMRU': 39.938172, 'USDMUR': 45.220378, 'USDMVR': 15.410378, 'USDMWK': 1736.077147, 'USDMXN': 20.26717, 'USDMYR': 4.414504, 'USDMZN': 63.903729, 'USDNAD': 18.147557, 'USDNGN': 1515.000344, 'USDNIO': 36.847691, 'USDNOK': 10.859904, 'USDNPR': 139.215614, 'USDNZD': 1.75116, 'USDOMR': 0.384986, 'USDPAB': 1.001154, 'USDPEN': 3.657915, 'USDPGK': 4.088036, 'USDPHP': 57.205038, 'USDPKR': 280.335902, 'USDPLN': 3.849582, 'USDPYG': 7927.836479, 'USDQAR': 3.650072, 'USDRON': 4.592604, 'USDRSD': 108.134545, 'USDRUB': 89.050893, 'USDRWF': 1409.680247, 'USDSAR': 3.751673, 'USDSBD': 8.411286, 'USDSCR': 14.745038, 'USDSDG': 601.000339, 'USDSEK': 10.086404, 'USDSGD': 1.330904, 'USDSHP': 0.785843, 'USDSLE': 22.850371, 'USDSLL': 20969.505638, 'USDSOS': 572.232732, 'USDSRD': 35.80366, 'USDSTD': 20697.981008, 'USDSVC': 8.760209, 'USDSYP': 13002.468947, 'USDSZL': 18.142389, 'USDTHB': 33.756038, 'USDTJS': 10.913118, 'USDTMT': 3.51, 'USDTND': 3.092511, 'USDTOP': 2.342104, 'USDTRY': 36.400804, 'USDTTD': 6.796475, 'USDTWD': 32.842038, 'USDTZS': 2648.179763, 'USDUAH': 41.266461, 'USDUGX': 3673.695381, 'USDUYU': 42.661376, 'USDUZS': 12934.065427, 'USDVES': 64.578446, 'USDVND': 25505, 'USDVUV': 124.140612, 'USDWST': 2.818076, 'USDXAF': 605.321829, 'USDXAG': 0.030765, 'USDXAU': 0.000343, 'USDXCD': 2.70255, 'USDXDR': 0.752826, 'USDXOF': 605.321829, 'USDXPF': 110.053984, 'USDYER': 246.803591, 'USDZAR': 18.25142, 'USDZMK': 9001.203587, 'USDZMW': 28.509205, 'USDZWL': 321.999592}}
2025-03-09 00:54:36,394 - INFO - [httpx] HTTP Request: POST https://api.telegram.org/bot6972398846:AAGWkHUsjsY_sg6jGVLRMKD7NE7Zczl0IXw/sendMessage "HTTP/1.1 200 OK"
2025-03-09 00:54:46,358 - INFO - [httpx] HTTP Request: POST https://api.telegram.org/bot6972398846:AAGWkHUsjsY_sg6jGVLRMKD7NE7Zczl0IXw/getUpdates "HTTP/1.1 200 OK"
2025-03-09 00:54:56,393 - INFO - [httpx] HTTP Request: POST https://api.telegram.org/bot6972398846:AAGWkHUsjsY_sg6jGVLRMKD7NE7Zczl0IXw/getUpdates "HTTP/1.1 200 OK"
2025-03-09 00:55:06,427 - INFO - [httpx] HTTP Request: POST https://api.telegram.org/bot6972398846:AAGWkHUsjsY_sg6jGVLRMKD7NE7Zczl0IXw/getUpdates "HTTP/1.1 200 OK"
2025-03-09 00:55:16,459 - INFO - [httpx] HTTP Request: POST https://api.telegram.org/bot6972398846:AAGWkHUsjsY_sg6jGVLRMKD7NE7Zczl0IXw/getUpdates "HTTP/1.1 200 OK"
2025-03-09 00:55:26,498 - INFO - [httpx] HTTP Request: POST https://api.telegram.org/bot6972398846:AAGWkHUsjsY_sg6jGVLRMKD7NE7Zczl0IXw/getUpdates "HTTP/1.1 200 OK"
2025-03-09 00:55:36,637 - INFO - [httpx] HTTP Request: POST https://api.telegram.org/bot6972398846:AAGWkHUsjsY_sg6jGVLRMKD7NE7Zczl0IXw/getUpdates "HTTP/1.1 200 OK"
2025-03-09 00:55:46,669 - INFO - [httpx] HTTP Request: POST https://api.telegram.org/bot6972398846:AAGWkHUsjsY_sg6jGVLRMKD7NE7Zczl0IXw/getUpdates "HTTP/1.1 200 OK"
2025-03-09 00:55:56,691 - INFO - [httpx] HTTP Request: POST https://api.telegram.org/bot6972398846:AAGWkHUsjsY_sg6jGVLRMKD7NE7Zczl0IXw/getUpdates "HTTP/1.1 200 OK"
2025-03-09 00:56:06,708 - INFO - [httpx] HTTP Request: POST https://api.telegram.org/bot6972398846:AAGWkHUsjsY_sg6jGVLRMKD7NE7Zczl0IXw/getUpdates "HTTP/1.1 200 OK"
2025-03-09 00:56:16,776 - INFO - [httpx] HTTP Request: POST https://api.telegram.org/bot6972398846:AAGWkHUsjsY_sg6jGVLRMKD7NE7Zczl0IXw/getUpdates "HTTP/1.1 200 OK"
2025-03-09 00:56:26,807 - INFO - [httpx] HTTP Request: POST https://api.telegram.org/bot6972398846:AAGWkHUsjsY_sg6jGVLRMKD7NE7Zczl0IXw/getUpdates "HTTP/1.1 200 OK"
2025-03-09 00:56:36,825 - INFO - [httpx] HTTP Request: POST https://api.telegram.org/bot6972398846:AAGWkHUsjsY_sg6jGVLRMKD7NE7Zczl0IXw/getUpdates "HTTP/1.1 200 OK"
2025-03-09 00:56:43,774 - INFO - [httpx] HTTP Request: POST https://api.telegram.org/bot6972398846:AAGWkHUsjsY_sg6jGVLRMKD7NE7Zczl0IXw/getUpdates "HTTP/1.1 200 OK"
2025-03-09 00:56:43,776 - INFO - [telegram.ext.Application] Application is stopping. This might take a moment.
2025-03-09 00:56:43,776 - INFO - [apscheduler.scheduler] Scheduler has been shut down
2025-03-09 00:56:43,787 - INFO - [telegram.ext.Application] Application.stop() complete
2025-03-09 00:56:44,628 - INFO - [weather] Registering /weather command handler
2025-03-09 00:56:44,628 - INFO - [random_insult] Registering /insult command handler
2025-03-09 00:56:44,628 - INFO - [imdb] Registering /imdb command handler and callback query handler
2025-03-09 00:56:44,628 - INFO - [convert] Registering /brl command handler
2025-03-09 00:56:44,629 - INFO - [apscheduler.scheduler] Adding job tentatively -- it will be properly scheduled when the scheduler starts
2025-03-09 00:56:44,692 - INFO - [httpx] HTTP Request: POST https://api.telegram.org/bot6972398846:AAGWkHUsjsY_sg6jGVLRMKD7NE7Zczl0IXw/getMe "HTTP/1.1 200 OK"
2025-03-09 00:56:44,718 - INFO - [httpx] HTTP Request: POST https://api.telegram.org/bot6972398846:AAGWkHUsjsY_sg6jGVLRMKD7NE7Zczl0IXw/deleteWebhook "HTTP/1.1 200 OK"
2025-03-09 00:56:44,719 - INFO - [apscheduler.scheduler] Added job "summarise_messages" to job store "default"
2025-03-09 00:56:44,719 - INFO - [apscheduler.scheduler] Scheduler started
2025-03-09 00:56:44,719 - INFO - [telegram.ext.Application] Application started
2025-03-09 00:56:49,811 - INFO - [httpx] HTTP Request: POST https://api.telegram.org/bot6972398846:AAGWkHUsjsY_sg6jGVLRMKD7NE7Zczl0IXw/getUpdates "HTTP/1.1 200 OK"
2025-03-09 00:56:49,813 - INFO - [convert] Received /brl command from user 13375391
2025-03-09 00:56:50,129 - ERROR - [convert] Invalid response format from exchange rate API: {'success': True, 'terms': 'https://currencylayer.com/terms', 'privacy': 'https://currencylayer.com/privacy', 'timestamp': 1741481763, 'source': 'GBP', 'quotes': {'GBPAED': 4.739074, 'GBPAFN': 93.366255, 'GBPALL': 118.300439, 'GBPAMD': 509.043157, 'GBPANG': 2.328381, 'GBPAOA': 1180.030196, 'GBPARS': 1374.095024, 'GBPAUD': 2.052736, 'GBPAWG': 2.32263, 'GBPAZN': 2.198718, 'GBPBAM': 2.328858, 'GBPBBD': 2.608444, 'GBPBDT': 156.963904, 'GBPBGN': 2.328858, 'GBPBHD': 0.486419, 'GBPBIF': 3827.290097, 'GBPBMD': 1.29035, 'GBPBND': 1.719197, 'GBPBOB': 8.927009, 'GBPBRL': 7.468422, 'GBPBSD': 1.291838, 'GBPBTC': 1.4947841e-05, 'GBPBTN': 112.272892, 'GBPBWP': 17.565859, 'GBPBYN': 4.227856, 'GBPBYR': 25290.859657, 'GBPBZD': 2.594989, 'GBPCAD': 1.854427, 'GBPCDF': 3709.756667, 'GBPCHF': 1.1366, 'GBPCLF': 0.031194, 'GBPCLP': 1197.043265, 'GBPCNY': 9.334715, 'GBPCNH': 9.34878, 'GBPCOP': 5298.811814, 'GBPCRC': 653.242283, 'GBPCUC': 1.29035, 'GBPCUP': 34.194275, 'GBPCVE': 131.297412, 'GBPCZK': 29.704765, 'GBPDJF': 230.051785, 'GBPDKK': 8.883291, 'GBPDOP': 80.815811, 'GBPDZD': 171.951802, 'GBPEGP': 65.393292, 'GBPERN': 19.35525, 'GBPETB': 168.907664, 'GBPEUR': 1.19074, 'GBPFJD': 2.963681, 'GBPFKP': 0.999191, 'GBPGEL': 3.580773, 'GBPGGP': 0.999191, 'GBPGHS': 20.024746, 'GBPGIP': 0.999191, 'GBPGMD': 92.264993, 'GBPGNF': 11170.371602, 'GBPGTQ': 9.964148, 'GBPGYD': 270.287032, 'GBPHKD': 10.026988, 'GBPHNL': 33.036008, 'GBPHRK': 8.973615, 'GBPHTG': 169.621515, 'GBPHUF': 474.049277, 'GBPIDR': 21032.704715, 'GBPILS': 4.682487, 'GBPIMP': 0.999191, 'GBPINR': 112.403037, 'GBPIQD': 1692.404771, 'GBPIRR': 54323.734719, 'GBPISK': 175.191315, 'GBPJEP': 0.999191, 'GBPJMD': 202.521778, 'GBPJOD': 0.915379, 'GBPJPY': 191.029914, 'GBPKES': 167.18049, 'GBPKGS': 112.841602, 'GBPKHR': 5177.355903, 'GBPKMF': 587.174255, 'GBPKPW': 1161.349827, 'GBPKRW': 1871.007926, 'GBPKWD': 0.397544, 'GBPKYD': 1.076552, 'GBPKZT': 633.999857, 'GBPLAK': 27971.772657, 'GBPLBP': 115754.032506, 'GBPLKR': 381.693062, 'GBPLRD': 258.37959, 'GBPLSL': 23.4167, 'GBPLTL': 3.810069, 'GBPLVL': 0.78052, 'GBPLYD': 6.235928, 'GBPMAD': 12.561994, 'GBPMDL': 23.448135, 'GBPMGA': 6051.362166, 'GBPMKD': 73.266492, 'GBPMMK': 2708.562927, 'GBPMNT': 4478.046964, 'GBPMOP': 10.340542, 'GBPMRU': 51.534219, 'GBPMUR': 58.350115, 'GBPMVR': 19.884781, 'GBPMWK': 2240.147116, 'GBPMXN': 26.151743, 'GBPMYR': 5.696255, 'GBPMZN': 82.458176, 'GBPNAD': 23.4167, 'GBPNGN': 1954.880667, 'GBPNIO': 47.546417, 'GBPNOK': 14.013077, 'GBPNPR': 179.636865, 'GBPNZD': 2.25961, 'GBPOMR': 0.496767, 'GBPPAB': 1.291838, 'GBPPEN': 4.719991, 'GBPPGK': 5.274997, 'GBPPHP': 73.81452, 'GBPPKR': 361.731426, 'GBPPLN': 4.967309, 'GBPPYG': 10229.683662, 'GBPQAR': 4.70987, 'GBPRON': 5.926066, 'GBPRSD': 139.531409, 'GBPRUB': 114.906818, 'GBPRWF': 1818.980882, 'GBPSAR': 4.840971, 'GBPSBD': 10.853502, 'GBPSCR': 19.02626, 'GBPSDG': 775.500777, 'GBPSEK': 13.014991, 'GBPSGD': 1.717332, 'GBPSHP': 1.014013, 'GBPSLE': 29.484976, 'GBPSLL': 27058.001234, 'GBPSOS': 738.380496, 'GBPSRD': 46.199252, 'GBPSTD': 26707.639432, 'GBPSVC': 11.303735, 'GBPSYP': 16777.735578, 'GBPSZL': 23.410032, 'GBPTHB': 43.557103, 'GBPTJS': 14.081741, 'GBPTMT': 4.529128, 'GBPTND': 3.990422, 'GBPTOP': 3.022134, 'GBPTRY': 46.969777, 'GBPTTD': 8.769831, 'GBPTWD': 42.377723, 'GBPTZS': 3417.078711, 'GBPUAH': 53.248177, 'GBPUGX': 4740.352771, 'GBPUSD': 1.29035, 'GBPUYU': 55.048106, 'GBPUZS': 16689.471098, 'GBPVES': 83.328797, 'GBPVND': 32910.376304, 'GBPVUV': 160.184837, 'GBPWST': 3.636304, 'GBPXAF': 781.077011, 'GBPXAG': 0.039698, 'GBPXAU': 0.000443, 'GBPXCD': 3.487236, 'GBPXDR': 0.971409, 'GBPXOF': 781.077011, 'GBPXPF': 142.008157, 'GBPYER': 318.463009, 'GBPZAR': 23.55072, 'GBPZMK': 11614.70289, 'GBPZMW': 36.786852, 'GBPZWL': 415.492168}}
2025-03-09 00:56:50,219 - INFO - [httpx] HTTP Request: POST https://api.telegram.org/bot6972398846:AAGWkHUsjsY_sg6jGVLRMKD7NE7Zczl0IXw/sendMessage "HTTP/1.1 200 OK"
2025-03-09 00:57:00,189 - INFO - [httpx] HTTP Request: POST https://api.telegram.org/bot6972398846:AAGWkHUsjsY_sg6jGVLRMKD7NE7Zczl0IXw/getUpdates "HTTP/1.1 200 OK"
2025-03-09 00:57:10,229 - INFO - [httpx] HTTP Request: POST https://api.telegram.org/bot6972398846:AAGWkHUsjsY_sg6jGVLRMKD7NE7Zczl0IXw/getUpdates "HTTP/1.1 200 OK"
2025-03-09 00:57:20,365 - INFO - [httpx] HTTP Request: POST https://api.telegram.org/bot6972398846:AAGWkHUsjsY_sg6jGVLRMKD7NE7Zczl0IXw/getUpdates "HTTP/1.1 200 OK"
2025-03-09 00:57:30,398 - INFO - [httpx] HTTP Request: POST https://api.telegram.org/bot6972398846:AAGWkHUsjsY_sg6jGVLRMKD7NE7Zczl0IXw/getUpdates "HTTP/1.1 200 OK"
2025-03-09 00:57:40,433 - INFO - [httpx] HTTP Request: POST https://api.telegram.org/bot6972398846:AAGWkHUsjsY_sg6jGVLRMKD7NE7Zczl0IXw/getUpdates "HTTP/1.1 200 OK"
2025-03-09 00:57:50,449 - INFO - [httpx] HTTP Request: POST https://api.telegram.org/bot6972398846:AAGWkHUsjsY_sg6jGVLRMKD7NE7Zczl0IXw/getUpdates "HTTP/1.1 200 OK"
2025-03-09 00:58:00,504 - INFO - [httpx] HTTP Request: POST https://api.telegram.org/bot6972398846:AAGWkHUsjsY_sg6jGVLRMKD7NE7Zczl0IXw/getUpdates "HTTP/1.1 200 OK"
2025-03-09 00:58:08,004 - INFO - [httpx] HTTP Request: POST https://api.telegram.org/bot6972398846:AAGWkHUsjsY_sg6jGVLRMKD7NE7Zczl0IXw/getUpdates "HTTP/1.1 200 OK"
2025-03-09 00:58:08,007 - INFO - [telegram.ext.Application] Application is stopping. This might take a moment.
2025-03-09 00:58:08,007 - INFO - [apscheduler.scheduler] Scheduler has been shut down
2025-03-09 00:58:08,018 - INFO - [telegram.ext.Application] Application.stop() complete
2025-03-09 00:58:08,971 - INFO - [weather] Registering /weather command handler
2025-03-09 00:58:08,971 - INFO - [random_insult] Registering /insult command handler
2025-03-09 00:58:08,971 - INFO - [imdb] Registering /imdb command handler and callback query handler
2025-03-09 00:58:08,972 - INFO - [convert] Registering /brl command handler
2025-03-09 00:58:08,972 - INFO - [apscheduler.scheduler] Adding job tentatively -- it will be properly scheduled when the scheduler starts
2025-03-09 00:58:09,026 - INFO - [httpx] HTTP Request: POST https://api.telegram.org/bot6972398846:AAGWkHUsjsY_sg6jGVLRMKD7NE7Zczl0IXw/getMe "HTTP/1.1 200 OK"
2025-03-09 00:58:09,044 - INFO - [httpx] HTTP Request: POST https://api.telegram.org/bot6972398846:AAGWkHUsjsY_sg6jGVLRMKD7NE7Zczl0IXw/deleteWebhook "HTTP/1.1 200 OK"
2025-03-09 00:58:09,045 - INFO - [apscheduler.scheduler] Added job "summarise_messages" to job store "default"
2025-03-09 00:58:09,045 - INFO - [apscheduler.scheduler] Scheduler started
2025-03-09 00:58:09,045 - INFO - [telegram.ext.Application] Application started
2025-03-09 00:58:16,762 - INFO - [httpx] HTTP Request: POST https://api.telegram.org/bot6972398846:AAGWkHUsjsY_sg6jGVLRMKD7NE7Zczl0IXw/getUpdates "HTTP/1.1 200 OK"
2025-03-09 00:58:16,765 - INFO - [convert] Received /brl command from user 13375391
2025-03-09 00:58:17,207 - INFO - [httpx] HTTP Request: POST https://api.telegram.org/bot6972398846:AAGWkHUsjsY_sg6jGVLRMKD7NE7Zczl0IXw/sendMessage "HTTP/1.1 200 OK"
2025-03-09 00:58:27,135 - INFO - [httpx] HTTP Request: POST https://api.telegram.org/bot6972398846:AAGWkHUsjsY_sg6jGVLRMKD7NE7Zczl0IXw/getUpdates "HTTP/1.1 200 OK"
2025-03-09 00:58:37,170 - INFO - [httpx] HTTP Request: POST https://api.telegram.org/bot6972398846:AAGWkHUsjsY_sg6jGVLRMKD7NE7Zczl0IXw/getUpdates "HTTP/1.1 200 OK"
2025-03-09 00:58:47,209 - INFO - [httpx] HTTP Request: POST https://api.telegram.org/bot6972398846:AAGWkHUsjsY_sg6jGVLRMKD7NE7Zczl0IXw/getUpdates "HTTP/1.1 200 OK"
2025-03-09 00:58:57,243 - INFO - [httpx] HTTP Request: POST https://api.telegram.org/bot6972398846:AAGWkHUsjsY_sg6jGVLRMKD7NE7Zczl0IXw/getUpdates "HTTP/1.1 200 OK"
2025-03-09 00:59:07,381 - INFO - [httpx] HTTP Request: POST https://api.telegram.org/bot6972398846:AAGWkHUsjsY_sg6jGVLRMKD7NE7Zczl0IXw/getUpdates "HTTP/1.1 200 OK"
2025-03-09 00:59:17,414 - INFO - [httpx] HTTP Request: POST https://api.telegram.org/bot6972398846:AAGWkHUsjsY_sg6jGVLRMKD7NE7Zczl0IXw/getUpdates "HTTP/1.1 200 OK"
2025-03-09 00:59:27,551 - INFO - [httpx] HTTP Request: POST https://api.telegram.org/bot6972398846:AAGWkHUsjsY_sg6jGVLRMKD7NE7Zczl0IXw/getUpdates "HTTP/1.1 200 OK"
2025-03-09 00:59:37,589 - INFO - [httpx] HTTP Request: POST https://api.telegram.org/bot6972398846:AAGWkHUsjsY_sg6jGVLRMKD7NE7Zczl0IXw/getUpdates "HTTP/1.1 200 OK"
2025-03-09 00:59:47,613 - INFO - [httpx] HTTP Request: POST https://api.telegram.org/bot6972398846:AAGWkHUsjsY_sg6jGVLRMKD7NE7Zczl0IXw/getUpdates "HTTP/1.1 200 OK"
2025-03-09 00:59:57,762 - INFO - [httpx] HTTP Request: POST https://api.telegram.org/bot6972398846:AAGWkHUsjsY_sg6jGVLRMKD7NE7Zczl0IXw/getUpdates "HTTP/1.1 200 OK"
2025-03-09 01:00:07,813 - INFO - [httpx] HTTP Request: POST https://api.telegram.org/bot6972398846:AAGWkHUsjsY_sg6jGVLRMKD7NE7Zczl0IXw/getUpdates "HTTP/1.1 200 OK"
2025-03-09 01:00:17,835 - INFO - [httpx] HTTP Request: POST https://api.telegram.org/bot6972398846:AAGWkHUsjsY_sg6jGVLRMKD7NE7Zczl0IXw/getUpdates "HTTP/1.1 200 OK"
2025-03-09 01:00:27,978 - INFO - [httpx] HTTP Request: POST https://api.telegram.org/bot6972398846:AAGWkHUsjsY_sg6jGVLRMKD7NE7Zczl0IXw/getUpdates "HTTP/1.1 200 OK"
2025-03-09 01:00:38,107 - INFO - [httpx] HTTP Request: POST https://api.telegram.org/bot6972398846:AAGWkHUsjsY_sg6jGVLRMKD7NE7Zczl0IXw/getUpdates "HTTP/1.1 200 OK"
2025-03-09 01:00:48,139 - INFO - [httpx] HTTP Request: POST https://api.telegram.org/bot6972398846:AAGWkHUsjsY_sg6jGVLRMKD7NE7Zczl0IXw/getUpdates "HTTP/1.1 200 OK"
2025-03-09 01:00:58,178 - INFO - [httpx] HTTP Request: POST https://api.telegram.org/bot6972398846:AAGWkHUsjsY_sg6jGVLRMKD7NE7Zczl0IXw/getUpdates "HTTP/1.1 200 OK"
2025-03-09 01:01:08,206 - INFO - [httpx] HTTP Request: POST https://api.telegram.org/bot6972398846:AAGWkHUsjsY_sg6jGVLRMKD7NE7Zczl0IXw/getUpdates "HTTP/1.1 200 OK"
2025-03-09 01:01:18,246 - INFO - [httpx] HTTP Request: POST https://api.telegram.org/bot6972398846:AAGWkHUsjsY_sg6jGVLRMKD7NE7Zczl0IXw/getUpdates "HTTP/1.1 200 OK"
2025-03-09 01:01:28,282 - INFO - [httpx] HTTP Request: POST https://api.telegram.org/bot6972398846:AAGWkHUsjsY_sg6jGVLRMKD7NE7Zczl0IXw/getUpdates "HTTP/1.1 200 OK"
2025-03-09 01:01:38,312 - INFO - [httpx] HTTP Request: POST https://api.telegram.org/bot6972398846:AAGWkHUsjsY_sg6jGVLRMKD7NE7Zczl0IXw/getUpdates "HTTP/1.1 200 OK"
2025-03-09 01:01:48,353 - INFO - [httpx] HTTP Request: POST https://api.telegram.org/bot6972398846:AAGWkHUsjsY_sg6jGVLRMKD7NE7Zczl0IXw/getUpdates "HTTP/1.1 200 OK"
2025-03-09 01:01:58,388 - INFO - [httpx] HTTP Request: POST https://api.telegram.org/bot6972398846:AAGWkHUsjsY_sg6jGVLRMKD7NE7Zczl0IXw/getUpdates "HTTP/1.1 200 OK"
2025-03-09 01:02:08,409 - INFO - [httpx] HTTP Request: POST https://api.telegram.org/bot6972398846:AAGWkHUsjsY_sg6jGVLRMKD7NE7Zczl0IXw/getUpdates "HTTP/1.1 200 OK"
2025-03-09 01:02:18,458 - INFO - [httpx] HTTP Request: POST https://api.telegram.org/bot6972398846:AAGWkHUsjsY_sg6jGVLRMKD7NE7Zczl0IXw/getUpdates "HTTP/1.1 200 OK"
2025-03-09 01:02:28,474 - INFO - [httpx] HTTP Request: POST https://api.telegram.org/bot6972398846:AAGWkHUsjsY_sg6jGVLRMKD7NE7Zczl0IXw/getUpdates "HTTP/1.1 200 OK"
2025-03-09 01:02:38,534 - INFO - [httpx] HTTP Request: POST https://api.telegram.org/bot6972398846:AAGWkHUsjsY_sg6jGVLRMKD7NE7Zczl0IXw/getUpdates "HTTP/1.1 200 OK"
2025-03-09 01:02:48,560 - INFO - [httpx] HTTP Request: POST https://api.telegram.org/bot6972398846:AAGWkHUsjsY_sg6jGVLRMKD7NE7Zczl0IXw/getUpdates "HTTP/1.1 200 OK"
2025-03-09 01:02:58,596 - INFO - [httpx] HTTP Request: POST https://api.telegram.org/bot6972398846:AAGWkHUsjsY_sg6jGVLRMKD7NE7Zczl0IXw/getUpdates "HTTP/1.1 200 OK"
2025-03-09 01:03:08,617 - INFO - [httpx] HTTP Request: POST https://api.telegram.org/bot6972398846:AAGWkHUsjsY_sg6jGVLRMKD7NE7Zczl0IXw/getUpdates "HTTP/1.1 200 OK"
2025-03-09 01:03:18,670 - INFO - [httpx] HTTP Request: POST https://api.telegram.org/bot6972398846:AAGWkHUsjsY_sg6jGVLRMKD7NE7Zczl0IXw/getUpdates "HTTP/1.1 200 OK"
2025-03-09 01:03:21,493 - INFO - [weather] Registering /weather command handler
2025-03-09 01:03:21,493 - INFO - [random_insult] Registering /insult command handler
2025-03-09 01:03:21,493 - INFO - [imdb] Registering /imdb command handler and callback query handler
2025-03-09 01:03:21,494 - INFO - [convert] Registering /brl command handler
2025-03-09 01:03:21,494 - INFO - [apscheduler.scheduler] Adding job tentatively -- it will be properly scheduled when the scheduler starts
2025-03-09 01:03:21,541 - INFO - [httpx] HTTP Request: POST https://api.telegram.org/bot6972398846:AAGWkHUsjsY_sg6jGVLRMKD7NE7Zczl0IXw/getMe "HTTP/1.1 200 OK"
2025-03-09 01:03:21,554 - INFO - [httpx] HTTP Request: POST https://api.telegram.org/bot6972398846:AAGWkHUsjsY_sg6jGVLRMKD7NE7Zczl0IXw/deleteWebhook "HTTP/1.1 200 OK"
2025-03-09 01:03:21,555 - INFO - [apscheduler.scheduler] Added job "summarise_messages" to job store "default"
2025-03-09 01:03:21,555 - INFO - [apscheduler.scheduler] Scheduler started
2025-03-09 01:03:21,555 - INFO - [telegram.ext.Application] Application started
2025-03-09 01:03:31,679 - INFO - [httpx] HTTP Request: POST https://api.telegram.org/bot6972398846:AAGWkHUsjsY_sg6jGVLRMKD7NE7Zczl0IXw/getUpdates "HTTP/1.1 200 OK"
2025-03-09 01:03:31,906 - INFO - [httpx] HTTP Request: POST https://api.telegram.org/bot6972398846:AAGWkHUsjsY_sg6jGVLRMKD7NE7Zczl0IXw/getUpdates "HTTP/1.1 200 OK"
2025-03-09 01:03:31,908 - INFO - [convert] Received /brl command from user 13375391
2025-03-09 01:03:32,201 - ERROR - [telegram.ext.Application] No error handlers are registered, logging exception.
Traceback (most recent call last):
  File "/Users/gui/git/talbot/.talbot-github-venv/lib/python3.13/site-packages/telegram/ext/_application.py", line 1343, in process_update
    await coroutine
  File "/Users/gui/git/talbot/.talbot-github-venv/lib/python3.13/site-packages/telegram/ext/_handlers/basehandler.py", line 158, in handle_update
    return await self.callback(update, context)
           ^^^^^^^^^^^^^^^^^^^^^^^^^^^^^^^^^^^^
  File "/Users/gui/git/talbot-github/src/convert.py", line 54, in brl_command
    conversion_message = get_gbp_brl_rate()
  File "/Users/gui/git/talbot-github/src/convert.py", line 35, in get_gbp_brl_rate
    last_update = datetime.datetime.utcfromtimestamp(data["timestamp"])
                  ^^^^^^^^^^^^^^^^^
AttributeError: type object 'datetime.datetime' has no attribute 'datetime'
2025-03-09 01:03:42,324 - INFO - [httpx] HTTP Request: POST https://api.telegram.org/bot6972398846:AAGWkHUsjsY_sg6jGVLRMKD7NE7Zczl0IXw/getUpdates "HTTP/1.1 200 OK"
2025-03-09 01:03:45,516 - INFO - [httpx] HTTP Request: POST https://api.telegram.org/bot6972398846:AAGWkHUsjsY_sg6jGVLRMKD7NE7Zczl0IXw/getUpdates "HTTP/1.1 200 OK"
2025-03-09 01:03:45,517 - INFO - [telegram.ext.Application] Application is stopping. This might take a moment.
2025-03-09 01:03:45,517 - INFO - [apscheduler.scheduler] Scheduler has been shut down
2025-03-09 01:03:45,528 - INFO - [telegram.ext.Application] Application.stop() complete
2025-03-09 01:03:46,458 - INFO - [weather] Registering /weather command handler
2025-03-09 01:03:46,458 - INFO - [random_insult] Registering /insult command handler
2025-03-09 01:03:46,458 - INFO - [imdb] Registering /imdb command handler and callback query handler
2025-03-09 01:03:46,458 - INFO - [convert] Registering /brl command handler
2025-03-09 01:03:46,459 - INFO - [apscheduler.scheduler] Adding job tentatively -- it will be properly scheduled when the scheduler starts
2025-03-09 01:03:46,514 - INFO - [httpx] HTTP Request: POST https://api.telegram.org/bot6972398846:AAGWkHUsjsY_sg6jGVLRMKD7NE7Zczl0IXw/getMe "HTTP/1.1 200 OK"
2025-03-09 01:03:46,530 - INFO - [httpx] HTTP Request: POST https://api.telegram.org/bot6972398846:AAGWkHUsjsY_sg6jGVLRMKD7NE7Zczl0IXw/deleteWebhook "HTTP/1.1 200 OK"
2025-03-09 01:03:46,530 - INFO - [apscheduler.scheduler] Added job "summarise_messages" to job store "default"
2025-03-09 01:03:46,530 - INFO - [apscheduler.scheduler] Scheduler started
2025-03-09 01:03:46,530 - INFO - [telegram.ext.Application] Application started
2025-03-09 01:03:48,118 - INFO - [httpx] HTTP Request: POST https://api.telegram.org/bot6972398846:AAGWkHUsjsY_sg6jGVLRMKD7NE7Zczl0IXw/getUpdates "HTTP/1.1 200 OK"
2025-03-09 01:03:48,120 - INFO - [convert] Received /brl command from user 13375391
2025-03-09 01:03:48,447 - INFO - [httpx] HTTP Request: POST https://api.telegram.org/bot6972398846:AAGWkHUsjsY_sg6jGVLRMKD7NE7Zczl0IXw/sendMessage "HTTP/1.1 200 OK"
2025-03-09 01:03:58,448 - INFO - [httpx] HTTP Request: POST https://api.telegram.org/bot6972398846:AAGWkHUsjsY_sg6jGVLRMKD7NE7Zczl0IXw/getUpdates "HTTP/1.1 200 OK"
2025-03-09 01:04:08,473 - INFO - [httpx] HTTP Request: POST https://api.telegram.org/bot6972398846:AAGWkHUsjsY_sg6jGVLRMKD7NE7Zczl0IXw/getUpdates "HTTP/1.1 200 OK"
2025-03-09 01:04:18,515 - INFO - [httpx] HTTP Request: POST https://api.telegram.org/bot6972398846:AAGWkHUsjsY_sg6jGVLRMKD7NE7Zczl0IXw/getUpdates "HTTP/1.1 200 OK"
2025-03-09 01:04:21,174 - INFO - [httpx] HTTP Request: POST https://api.telegram.org/bot6972398846:AAGWkHUsjsY_sg6jGVLRMKD7NE7Zczl0IXw/getUpdates "HTTP/1.1 200 OK"
2025-03-09 01:04:21,176 - INFO - [convert] Received /brl command from user 13375391
2025-03-09 01:04:21,551 - INFO - [httpx] HTTP Request: POST https://api.telegram.org/bot6972398846:AAGWkHUsjsY_sg6jGVLRMKD7NE7Zczl0IXw/sendMessage "HTTP/1.1 200 OK"
2025-03-09 01:04:26,309 - INFO - [weather] Registering /weather command handler
2025-03-09 01:04:26,309 - INFO - [random_insult] Registering /insult command handler
2025-03-09 01:04:26,309 - INFO - [imdb] Registering /imdb command handler and callback query handler
2025-03-09 01:04:26,309 - INFO - [convert] Registering /brl command handler
2025-03-09 01:04:26,310 - INFO - [apscheduler.scheduler] Adding job tentatively -- it will be properly scheduled when the scheduler starts
2025-03-09 01:04:26,355 - INFO - [httpx] HTTP Request: POST https://api.telegram.org/bot6972398846:AAGWkHUsjsY_sg6jGVLRMKD7NE7Zczl0IXw/getMe "HTTP/1.1 200 OK"
2025-03-09 01:04:26,368 - INFO - [httpx] HTTP Request: POST https://api.telegram.org/bot6972398846:AAGWkHUsjsY_sg6jGVLRMKD7NE7Zczl0IXw/deleteWebhook "HTTP/1.1 200 OK"
2025-03-09 01:04:26,368 - INFO - [apscheduler.scheduler] Added job "summarise_messages" to job store "default"
2025-03-09 01:04:26,368 - INFO - [apscheduler.scheduler] Scheduler started
2025-03-09 01:04:26,368 - INFO - [telegram.ext.Application] Application started
2025-03-09 01:04:30,013 - INFO - [httpx] HTTP Request: POST https://api.telegram.org/bot6972398846:AAGWkHUsjsY_sg6jGVLRMKD7NE7Zczl0IXw/getUpdates "HTTP/1.1 200 OK"
2025-03-09 01:04:30,016 - INFO - [convert] Received /brl command from user 13375391
2025-03-09 01:04:30,422 - INFO - [httpx] HTTP Request: POST https://api.telegram.org/bot6972398846:AAGWkHUsjsY_sg6jGVLRMKD7NE7Zczl0IXw/sendMessage "HTTP/1.1 200 OK"
2025-03-09 01:04:40,381 - INFO - [httpx] HTTP Request: POST https://api.telegram.org/bot6972398846:AAGWkHUsjsY_sg6jGVLRMKD7NE7Zczl0IXw/getUpdates "HTTP/1.1 200 OK"
2025-03-09 01:04:50,523 - INFO - [httpx] HTTP Request: POST https://api.telegram.org/bot6972398846:AAGWkHUsjsY_sg6jGVLRMKD7NE7Zczl0IXw/getUpdates "HTTP/1.1 200 OK"
2025-03-09 01:04:56,558 - INFO - [httpx] HTTP Request: POST https://api.telegram.org/bot6972398846:AAGWkHUsjsY_sg6jGVLRMKD7NE7Zczl0IXw/getUpdates "HTTP/1.1 200 OK"
2025-03-09 01:04:56,558 - INFO - [telegram.ext.Application] Application is stopping. This might take a moment.
2025-03-09 01:04:56,559 - INFO - [apscheduler.scheduler] Scheduler has been shut down
2025-03-09 01:04:56,570 - INFO - [telegram.ext.Application] Application.stop() complete
2025-03-09 01:04:57,441 - INFO - [weather] Registering /weather command handler
2025-03-09 01:04:57,441 - INFO - [random_insult] Registering /insult command handler
2025-03-09 01:04:57,441 - INFO - [imdb] Registering /imdb command handler and callback query handler
2025-03-09 01:04:57,441 - INFO - [convert] Registering /brl command handler
2025-03-09 01:04:57,442 - INFO - [apscheduler.scheduler] Adding job tentatively -- it will be properly scheduled when the scheduler starts
2025-03-09 01:04:57,493 - INFO - [httpx] HTTP Request: POST https://api.telegram.org/bot6972398846:AAGWkHUsjsY_sg6jGVLRMKD7NE7Zczl0IXw/getMe "HTTP/1.1 200 OK"
2025-03-09 01:04:57,508 - INFO - [httpx] HTTP Request: POST https://api.telegram.org/bot6972398846:AAGWkHUsjsY_sg6jGVLRMKD7NE7Zczl0IXw/deleteWebhook "HTTP/1.1 200 OK"
2025-03-09 01:04:57,509 - INFO - [apscheduler.scheduler] Added job "summarise_messages" to job store "default"
2025-03-09 01:04:57,509 - INFO - [apscheduler.scheduler] Scheduler started
2025-03-09 01:04:57,509 - INFO - [telegram.ext.Application] Application started
2025-03-09 01:05:01,895 - INFO - [httpx] HTTP Request: POST https://api.telegram.org/bot6972398846:AAGWkHUsjsY_sg6jGVLRMKD7NE7Zczl0IXw/getUpdates "HTTP/1.1 200 OK"
2025-03-09 01:05:01,896 - INFO - [convert] Received /brl command from user 13375391
2025-03-09 01:05:02,603 - INFO - [httpx] HTTP Request: POST https://api.telegram.org/bot6972398846:AAGWkHUsjsY_sg6jGVLRMKD7NE7Zczl0IXw/sendMessage "HTTP/1.1 200 OK"
2025-03-09 01:05:12,325 - INFO - [httpx] HTTP Request: POST https://api.telegram.org/bot6972398846:AAGWkHUsjsY_sg6jGVLRMKD7NE7Zczl0IXw/getUpdates "HTTP/1.1 200 OK"
2025-03-09 01:05:20,494 - INFO - [httpx] HTTP Request: POST https://api.telegram.org/bot6972398846:AAGWkHUsjsY_sg6jGVLRMKD7NE7Zczl0IXw/getUpdates "HTTP/1.1 200 OK"
2025-03-09 01:05:20,495 - INFO - [telegram.ext.Application] Application is stopping. This might take a moment.
2025-03-09 01:05:20,495 - INFO - [apscheduler.scheduler] Scheduler has been shut down
2025-03-09 01:05:20,507 - INFO - [telegram.ext.Application] Application.stop() complete
2025-03-09 01:05:21,519 - INFO - [weather] Registering /weather command handler
2025-03-09 01:05:21,519 - INFO - [random_insult] Registering /insult command handler
2025-03-09 01:05:21,519 - INFO - [imdb] Registering /imdb command handler and callback query handler
2025-03-09 01:05:21,520 - INFO - [convert] Registering /brl command handler
2025-03-09 01:05:21,520 - INFO - [apscheduler.scheduler] Adding job tentatively -- it will be properly scheduled when the scheduler starts
2025-03-09 01:05:21,580 - INFO - [httpx] HTTP Request: POST https://api.telegram.org/bot6972398846:AAGWkHUsjsY_sg6jGVLRMKD7NE7Zczl0IXw/getMe "HTTP/1.1 200 OK"
2025-03-09 01:05:21,594 - INFO - [httpx] HTTP Request: POST https://api.telegram.org/bot6972398846:AAGWkHUsjsY_sg6jGVLRMKD7NE7Zczl0IXw/deleteWebhook "HTTP/1.1 200 OK"
2025-03-09 01:05:21,595 - INFO - [apscheduler.scheduler] Added job "summarise_messages" to job store "default"
2025-03-09 01:05:21,595 - INFO - [apscheduler.scheduler] Scheduler started
2025-03-09 01:05:21,595 - INFO - [telegram.ext.Application] Application started
2025-03-09 01:05:23,181 - INFO - [httpx] HTTP Request: POST https://api.telegram.org/bot6972398846:AAGWkHUsjsY_sg6jGVLRMKD7NE7Zczl0IXw/getUpdates "HTTP/1.1 200 OK"
2025-03-09 01:05:23,183 - INFO - [convert] Received /brl command from user 13375391
2025-03-09 01:05:23,561 - INFO - [httpx] HTTP Request: POST https://api.telegram.org/bot6972398846:AAGWkHUsjsY_sg6jGVLRMKD7NE7Zczl0IXw/sendMessage "HTTP/1.1 200 OK"
2025-03-09 01:05:33,531 - INFO - [httpx] HTTP Request: POST https://api.telegram.org/bot6972398846:AAGWkHUsjsY_sg6jGVLRMKD7NE7Zczl0IXw/getUpdates "HTTP/1.1 200 OK"
2025-03-09 01:05:43,563 - INFO - [httpx] HTTP Request: POST https://api.telegram.org/bot6972398846:AAGWkHUsjsY_sg6jGVLRMKD7NE7Zczl0IXw/getUpdates "HTTP/1.1 200 OK"
